<?xml version="1.0" encoding="UTF-8"?>
<testng-results ignored="0" total="1" passed="1" failed="0" skipped="0">
  <reporter-output>
  </reporter-output>
  <suite started-at="2023-04-20T18:32:38 IST" name="Suite" finished-at="2023-04-20T18:32:39 IST" duration-ms="85">
    <groups>
      <group name="smoketest">
        <method signature="SmokeExTest.m1()[pri:0, instance:Maven.SmokeExTest@6fd83fc1]" name="m1" class="Maven.SmokeExTest"/>
      </group> <!-- smoketest -->
    </groups>
    <test started-at="2023-04-20T18:32:38 IST" name="Test" finished-at="2023-04-20T18:32:39 IST" duration-ms="85">
      <class name="Maven.SmokeExTest">
        <test-method signature="m1()[pri:0, instance:Maven.SmokeExTest@6fd83fc1]" started-at="2023-04-20T18:32:38 IST" name="m1" finished-at="2023-04-20T18:32:38 IST" duration-ms="16" status="PASS">
          <reporter-output>
          </reporter-output>
        </test-method> <!-- m1 -->
      </class> <!-- Maven.SmokeExTest -->
    </test> <!-- Test -->
  </suite> <!-- Suite -->
</testng-results>
